[Date 27/09/2015 07:13:32]
System.Threading.ThreadAbortException: Thread was being aborted.
   at System.Threading.Thread.AbortInternal()
   at System.Threading.Thread.Abort(Object stateInfo)
   at System.Web.HttpResponse.AbortCurrentThread()
   at System.Web.HttpResponse.End()
   at System.Web.HttpResponse.Redirect(String url, Boolean endResponse, Boolean permanent)
   at System.Web.HttpResponse.Redirect(String url, Boolean endResponse)
   at yeuthietkeweb.UIs.product_detail.Lbaddtocart_Click(Object sender, EventArgs e) in E:\WWW\myphamhanquoc\myphamhanquoc.web\yeuthietkeweb.web\Usercontrols\product_detail.ascx.cs:line 350
-----------------------------------------------
[Date 27/09/2015 06:57:01]
System.Threading.ThreadAbortException: Thread was being aborted.
   at System.Threading.Thread.AbortInternal()
   at System.Threading.Thread.Abort(Object stateInfo)
   at System.Web.HttpResponse.AbortCurrentThread()
   at System.Web.HttpResponse.End()
   at System.Web.HttpResponse.Redirect(String url, Boolean endResponse, Boolean permanent)
   at System.Web.HttpResponse.Redirect(String url, Boolean endResponse)
   at yeuthietkeweb.UIs.product_detail.Lbaddtocart_Click(Object sender, EventArgs e) in E:\WWW\myphamhanquoc\myphamhanquoc.web\yeuthietkeweb.web\Usercontrols\product_detail.ascx.cs:line 350
-----------------------------------------------
[Date 27/09/2015 06:35:22]
System.Threading.ThreadAbortException: Thread was being aborted.
   at System.Threading.Thread.AbortInternal()
   at System.Threading.Thread.Abort(Object stateInfo)
   at System.Web.HttpResponse.AbortCurrentThread()
   at System.Web.HttpResponse.End()
   at System.Web.HttpResponse.Redirect(String url, Boolean endResponse, Boolean permanent)
   at System.Web.HttpResponse.Redirect(String url, Boolean endResponse)
   at yeuthietkeweb.UIs.product_detail.Lbaddtocart_Click(Object sender, EventArgs e) in E:\WWW\myphamhanquoc\myphamhanquoc.web\yeuthietkeweb.web\Usercontrols\product_detail.ascx.cs:line 350
-----------------------------------------------
[Date 27/09/2015 01:29:21]
System.Threading.ThreadAbortException: Thread was being aborted.
   at System.Threading.Thread.AbortInternal()
   at System.Threading.Thread.Abort(Object stateInfo)
   at System.Web.HttpResponse.AbortCurrentThread()
   at System.Web.HttpResponse.End()
   at System.Web.HttpResponse.Redirect(String url, Boolean endResponse, Boolean permanent)
   at System.Web.HttpResponse.Redirect(String url, Boolean endResponse)
   at yeuthietkeweb.UIs.product_detail.Lbaddtocart_Click(Object sender, EventArgs e) in E:\WWW\myphamhanquoc\myphamhanquoc.web\yeuthietkeweb.web\Usercontrols\product_detail.ascx.cs:line 350
-----------------------------------------------
[Date 26/09/2015 10:18:11]
System.Web.HttpParseException (0x80004005): Could not load type 'yeuthietkeweb.UIs.News'. ---> System.Web.HttpParseException (0x80004005): Could not load type 'yeuthietkeweb.UIs.News'. ---> System.Web.HttpException (0x80004005): Could not load type 'yeuthietkeweb.UIs.News'.
   at System.Web.UI.TemplateParser.GetType(String typeName, Boolean ignoreCase, Boolean throwOnError)
   at System.Web.UI.TemplateParser.ProcessInheritsAttribute(String baseTypeName, String codeFileBaseTypeName, String src, Assembly assembly)
   at System.Web.UI.TemplateParser.PostProcessMainDirectiveAttributes(IDictionary parseData)
   at System.Web.UI.TemplateParser.ProcessException(Exception ex)
   at System.Web.UI.TemplateParser.ParseStringInternal(String text, Encoding fileEncoding)
   at System.Web.UI.TemplateParser.ParseString(String text, VirtualPath virtualPath, Encoding fileEncoding)
   at System.Web.UI.TemplateParser.ParseString(String text, VirtualPath virtualPath, Encoding fileEncoding)
   at System.Web.UI.TemplateParser.ParseFile(String physicalPath, VirtualPath virtualPath)
   at System.Web.UI.TemplateParser.ParseInternal()
   at System.Web.UI.TemplateParser.Parse()
   at System.Web.Compilation.BaseTemplateBuildProvider.get_CodeCompilerType()
   at System.Web.Compilation.BuildProvider.GetCompilerTypeFromBuildProvider(BuildProvider buildProvider)
   at System.Web.Compilation.BuildProvidersCompiler.ProcessBuildProviders()
   at System.Web.Compilation.BuildProvidersCompiler.PerformBuild()
   at System.Web.Compilation.BuildManager.CompileWebFile(VirtualPath virtualPath)
   at System.Web.Compilation.BuildManager.GetVPathBuildResultInternal(VirtualPath virtualPath, Boolean noBuild, Boolean allowCrossApp, Boolean allowBuildInPrecompile, Boolean throwIfNotFound, Boolean ensureIsUpToDate)
   at System.Web.Compilation.BuildManager.GetVPathBuildResultWithNoAssert(HttpContext context, VirtualPath virtualPath, Boolean noBuild, Boolean allowCrossApp, Boolean allowBuildInPrecompile, Boolean throwIfNotFound, Boolean ensureIsUpToDate)
   at System.Web.UI.TemplateControl.LoadControl(VirtualPath virtualPath)
   at System.Web.UI.TemplateControl.LoadControl(String virtualPath)
   at yeuthietkeweb.Main.Page_Load(Object sender, EventArgs e) in E:\WWW\myphamhanquoc\myphamhanquoc.web\yeuthietkeweb.web\Pages\Main.aspx.cs:line 26
-----------------------------------------------
[Date 26/09/2015 10:18:08]
System.Web.HttpParseException (0x80004005): Could not load type 'yeuthietkeweb.UIs.News'. ---> System.Web.HttpParseException (0x80004005): Could not load type 'yeuthietkeweb.UIs.News'. ---> System.Web.HttpException (0x80004005): Could not load type 'yeuthietkeweb.UIs.News'.
   at System.Web.UI.TemplateParser.GetType(String typeName, Boolean ignoreCase, Boolean throwOnError)
   at System.Web.UI.TemplateParser.ProcessInheritsAttribute(String baseTypeName, String codeFileBaseTypeName, String src, Assembly assembly)
   at System.Web.UI.TemplateParser.PostProcessMainDirectiveAttributes(IDictionary parseData)
   at System.Web.UI.TemplateParser.ProcessException(Exception ex)
   at System.Web.UI.TemplateParser.ParseStringInternal(String text, Encoding fileEncoding)
   at System.Web.UI.TemplateParser.ParseString(String text, VirtualPath virtualPath, Encoding fileEncoding)
   at System.Web.UI.TemplateParser.ParseString(String text, VirtualPath virtualPath, Encoding fileEncoding)
   at System.Web.UI.TemplateParser.ParseFile(String physicalPath, VirtualPath virtualPath)
   at System.Web.UI.TemplateParser.ParseInternal()
   at System.Web.UI.TemplateParser.Parse()
   at System.Web.Compilation.BaseTemplateBuildProvider.get_CodeCompilerType()
   at System.Web.Compilation.BuildProvider.GetCompilerTypeFromBuildProvider(BuildProvider buildProvider)
   at System.Web.Compilation.BuildProvidersCompiler.ProcessBuildProviders()
   at System.Web.Compilation.BuildProvidersCompiler.PerformBuild()
   at System.Web.Compilation.BuildManager.CompileWebFile(VirtualPath virtualPath)
   at System.Web.Compilation.BuildManager.GetVPathBuildResultInternal(VirtualPath virtualPath, Boolean noBuild, Boolean allowCrossApp, Boolean allowBuildInPrecompile, Boolean throwIfNotFound, Boolean ensureIsUpToDate)
   at System.Web.Compilation.BuildManager.GetVPathBuildResultWithNoAssert(HttpContext context, VirtualPath virtualPath, Boolean noBuild, Boolean allowCrossApp, Boolean allowBuildInPrecompile, Boolean throwIfNotFound, Boolean ensureIsUpToDate)
   at System.Web.UI.TemplateControl.LoadControl(VirtualPath virtualPath)
   at System.Web.UI.TemplateControl.LoadControl(String virtualPath)
   at yeuthietkeweb.Main.Page_Load(Object sender, EventArgs e) in E:\WWW\myphamhanquoc\myphamhanquoc.web\yeuthietkeweb.web\Pages\Main.aspx.cs:line 26
-----------------------------------------------
[Date 26/09/2015 10:18:05]
System.Web.HttpParseException (0x80004005): Could not load type 'yeuthietkeweb.UIs.News'. ---> System.Web.HttpParseException (0x80004005): Could not load type 'yeuthietkeweb.UIs.News'. ---> System.Web.HttpException (0x80004005): Could not load type 'yeuthietkeweb.UIs.News'.
   at System.Web.UI.TemplateParser.GetType(String typeName, Boolean ignoreCase, Boolean throwOnError)
   at System.Web.UI.TemplateParser.ProcessInheritsAttribute(String baseTypeName, String codeFileBaseTypeName, String src, Assembly assembly)
   at System.Web.UI.TemplateParser.PostProcessMainDirectiveAttributes(IDictionary parseData)
   at System.Web.UI.TemplateParser.ProcessException(Exception ex)
   at System.Web.UI.TemplateParser.ParseStringInternal(String text, Encoding fileEncoding)
   at System.Web.UI.TemplateParser.ParseString(String text, VirtualPath virtualPath, Encoding fileEncoding)
   at System.Web.UI.TemplateParser.ParseString(String text, VirtualPath virtualPath, Encoding fileEncoding)
   at System.Web.UI.TemplateParser.ParseFile(String physicalPath, VirtualPath virtualPath)
   at System.Web.UI.TemplateParser.ParseInternal()
   at System.Web.UI.TemplateParser.Parse()
   at System.Web.Compilation.BaseTemplateBuildProvider.get_CodeCompilerType()
   at System.Web.Compilation.BuildProvider.GetCompilerTypeFromBuildProvider(BuildProvider buildProvider)
   at System.Web.Compilation.BuildProvidersCompiler.ProcessBuildProviders()
   at System.Web.Compilation.BuildProvidersCompiler.PerformBuild()
   at System.Web.Compilation.BuildManager.CompileWebFile(VirtualPath virtualPath)
   at System.Web.Compilation.BuildManager.GetVPathBuildResultInternal(VirtualPath virtualPath, Boolean noBuild, Boolean allowCrossApp, Boolean allowBuildInPrecompile, Boolean throwIfNotFound, Boolean ensureIsUpToDate)
   at System.Web.Compilation.BuildManager.GetVPathBuildResultWithNoAssert(HttpContext context, VirtualPath virtualPath, Boolean noBuild, Boolean allowCrossApp, Boolean allowBuildInPrecompile, Boolean throwIfNotFound, Boolean ensureIsUpToDate)
   at System.Web.UI.TemplateControl.LoadControl(VirtualPath virtualPath)
   at System.Web.UI.TemplateControl.LoadControl(String virtualPath)
   at yeuthietkeweb.Main.Page_Load(Object sender, EventArgs e) in E:\WWW\myphamhanquoc\myphamhanquoc.web\yeuthietkeweb.web\Pages\Main.aspx.cs:line 26
-----------------------------------------------
[Date 26/09/2015 10:16:54]
System.Web.HttpParseException (0x80004005): Could not load type 'yeuthietkeweb.UIs.News'. ---> System.Web.HttpParseException (0x80004005): Could not load type 'yeuthietkeweb.UIs.News'. ---> System.Web.HttpException (0x80004005): Could not load type 'yeuthietkeweb.UIs.News'.
   at System.Web.UI.TemplateParser.GetType(String typeName, Boolean ignoreCase, Boolean throwOnError)
   at System.Web.UI.TemplateParser.ProcessInheritsAttribute(String baseTypeName, String codeFileBaseTypeName, String src, Assembly assembly)
   at System.Web.UI.TemplateParser.PostProcessMainDirectiveAttributes(IDictionary parseData)
   at System.Web.UI.TemplateParser.ProcessException(Exception ex)
   at System.Web.UI.TemplateParser.ParseStringInternal(String text, Encoding fileEncoding)
   at System.Web.UI.TemplateParser.ParseString(String text, VirtualPath virtualPath, Encoding fileEncoding)
   at System.Web.UI.TemplateParser.ParseString(String text, VirtualPath virtualPath, Encoding fileEncoding)
   at System.Web.UI.TemplateParser.ParseFile(String physicalPath, VirtualPath virtualPath)
   at System.Web.UI.TemplateParser.ParseInternal()
   at System.Web.UI.TemplateParser.Parse()
   at System.Web.Compilation.BaseTemplateBuildProvider.get_CodeCompilerType()
   at System.Web.Compilation.BuildProvider.GetCompilerTypeFromBuildProvider(BuildProvider buildProvider)
   at System.Web.Compilation.BuildProvidersCompiler.ProcessBuildProviders()
   at System.Web.Compilation.BuildProvidersCompiler.PerformBuild()
   at System.Web.Compilation.BuildManager.CompileWebFile(VirtualPath virtualPath)
   at System.Web.Compilation.BuildManager.GetVPathBuildResultInternal(VirtualPath virtualPath, Boolean noBuild, Boolean allowCrossApp, Boolean allowBuildInPrecompile, Boolean throwIfNotFound, Boolean ensureIsUpToDate)
   at System.Web.Compilation.BuildManager.GetVPathBuildResultWithNoAssert(HttpContext context, VirtualPath virtualPath, Boolean noBuild, Boolean allowCrossApp, Boolean allowBuildInPrecompile, Boolean throwIfNotFound, Boolean ensureIsUpToDate)
   at System.Web.UI.TemplateControl.LoadControl(VirtualPath virtualPath)
   at System.Web.UI.TemplateControl.LoadControl(String virtualPath)
   at yeuthietkeweb.Main.Page_Load(Object sender, EventArgs e) in E:\WWW\myphamhanquoc\myphamhanquoc.web\yeuthietkeweb.web\Pages\Main.aspx.cs:line 26
-----------------------------------------------
[Date 26/09/2015 10:16:51]
System.Web.HttpParseException (0x80004005): Could not load type 'yeuthietkeweb.UIs.News'. ---> System.Web.HttpParseException (0x80004005): Could not load type 'yeuthietkeweb.UIs.News'. ---> System.Web.HttpException (0x80004005): Could not load type 'yeuthietkeweb.UIs.News'.
   at System.Web.UI.TemplateParser.GetType(String typeName, Boolean ignoreCase, Boolean throwOnError)
   at System.Web.UI.TemplateParser.ProcessInheritsAttribute(String baseTypeName, String codeFileBaseTypeName, String src, Assembly assembly)
   at System.Web.UI.TemplateParser.PostProcessMainDirectiveAttributes(IDictionary parseData)
   at System.Web.UI.TemplateParser.ProcessException(Exception ex)
   at System.Web.UI.TemplateParser.ParseStringInternal(String text, Encoding fileEncoding)
   at System.Web.UI.TemplateParser.ParseString(String text, VirtualPath virtualPath, Encoding fileEncoding)
   at System.Web.UI.TemplateParser.ParseString(String text, VirtualPath virtualPath, Encoding fileEncoding)
   at System.Web.UI.TemplateParser.ParseFile(String physicalPath, VirtualPath virtualPath)
   at System.Web.UI.TemplateParser.ParseInternal()
   at System.Web.UI.TemplateParser.Parse()
   at System.Web.Compilation.BaseTemplateBuildProvider.get_CodeCompilerType()
   at System.Web.Compilation.BuildProvider.GetCompilerTypeFromBuildProvider(BuildProvider buildProvider)
   at System.Web.Compilation.BuildProvidersCompiler.ProcessBuildProviders()
   at System.Web.Compilation.BuildProvidersCompiler.PerformBuild()
   at System.Web.Compilation.BuildManager.CompileWebFile(VirtualPath virtualPath)
   at System.Web.Compilation.BuildManager.GetVPathBuildResultInternal(VirtualPath virtualPath, Boolean noBuild, Boolean allowCrossApp, Boolean allowBuildInPrecompile, Boolean throwIfNotFound, Boolean ensureIsUpToDate)
   at System.Web.Compilation.BuildManager.GetVPathBuildResultWithNoAssert(HttpContext context, VirtualPath virtualPath, Boolean noBuild, Boolean allowCrossApp, Boolean allowBuildInPrecompile, Boolean throwIfNotFound, Boolean ensureIsUpToDate)
   at System.Web.UI.TemplateControl.LoadControl(VirtualPath virtualPath)
   at System.Web.UI.TemplateControl.LoadControl(String virtualPath)
   at yeuthietkeweb.Main.Page_Load(Object sender, EventArgs e) in E:\WWW\myphamhanquoc\myphamhanquoc.web\yeuthietkeweb.web\Pages\Main.aspx.cs:line 26
-----------------------------------------------
[Date 26/09/2015 10:16:48]
System.Web.HttpParseException (0x80004005): Could not load type 'yeuthietkeweb.UIs.News'. ---> System.Web.HttpParseException (0x80004005): Could not load type 'yeuthietkeweb.UIs.News'. ---> System.Web.HttpException (0x80004005): Could not load type 'yeuthietkeweb.UIs.News'.
   at System.Web.UI.TemplateParser.GetType(String typeName, Boolean ignoreCase, Boolean throwOnError)
   at System.Web.UI.TemplateParser.ProcessInheritsAttribute(String baseTypeName, String codeFileBaseTypeName, String src, Assembly assembly)
   at System.Web.UI.TemplateParser.PostProcessMainDirectiveAttributes(IDictionary parseData)
   at System.Web.UI.TemplateParser.ProcessException(Exception ex)
   at System.Web.UI.TemplateParser.ParseStringInternal(String text, Encoding fileEncoding)
   at System.Web.UI.TemplateParser.ParseString(String text, VirtualPath virtualPath, Encoding fileEncoding)
   at System.Web.UI.TemplateParser.ParseString(String text, VirtualPath virtualPath, Encoding fileEncoding)
   at System.Web.UI.TemplateParser.ParseFile(String physicalPath, VirtualPath virtualPath)
   at System.Web.UI.TemplateParser.ParseInternal()
   at System.Web.UI.TemplateParser.Parse()
   at System.Web.Compilation.BaseTemplateBuildProvider.get_CodeCompilerType()
   at System.Web.Compilation.BuildProvider.GetCompilerTypeFromBuildProvider(BuildProvider buildProvider)
   at System.Web.Compilation.BuildProvidersCompiler.ProcessBuildProviders()
   at System.Web.Compilation.BuildProvidersCompiler.PerformBuild()
   at System.Web.Compilation.BuildManager.CompileWebFile(VirtualPath virtualPath)
   at System.Web.Compilation.BuildManager.GetVPathBuildResultInternal(VirtualPath virtualPath, Boolean noBuild, Boolean allowCrossApp, Boolean allowBuildInPrecompile, Boolean throwIfNotFound, Boolean ensureIsUpToDate)
   at System.Web.Compilation.BuildManager.GetVPathBuildResultWithNoAssert(HttpContext context, VirtualPath virtualPath, Boolean noBuild, Boolean allowCrossApp, Boolean allowBuildInPrecompile, Boolean throwIfNotFound, Boolean ensureIsUpToDate)
   at System.Web.UI.TemplateControl.LoadControl(VirtualPath virtualPath)
   at System.Web.UI.TemplateControl.LoadControl(String virtualPath)
   at yeuthietkeweb.Main.Page_Load(Object sender, EventArgs e) in E:\WWW\myphamhanquoc\myphamhanquoc.web\yeuthietkeweb.web\Pages\Main.aspx.cs:line 26
-----------------------------------------------
[Date 26/09/2015 10:15:53]
System.Web.HttpParseException (0x80004005): Could not load type 'yeuthietkeweb.UIs.News'. ---> System.Web.HttpParseException (0x80004005): Could not load type 'yeuthietkeweb.UIs.News'. ---> System.Web.HttpException (0x80004005): Could not load type 'yeuthietkeweb.UIs.News'.
   at System.Web.UI.TemplateParser.GetType(String typeName, Boolean ignoreCase, Boolean throwOnError)
   at System.Web.UI.TemplateParser.ProcessInheritsAttribute(String baseTypeName, String codeFileBaseTypeName, String src, Assembly assembly)
   at System.Web.UI.TemplateParser.PostProcessMainDirectiveAttributes(IDictionary parseData)
   at System.Web.UI.TemplateParser.ProcessException(Exception ex)
   at System.Web.UI.TemplateParser.ParseStringInternal(String text, Encoding fileEncoding)
   at System.Web.UI.TemplateParser.ParseString(String text, VirtualPath virtualPath, Encoding fileEncoding)
   at System.Web.UI.TemplateParser.ParseString(String text, VirtualPath virtualPath, Encoding fileEncoding)
   at System.Web.UI.TemplateParser.ParseFile(String physicalPath, VirtualPath virtualPath)
   at System.Web.UI.TemplateParser.ParseInternal()
   at System.Web.UI.TemplateParser.Parse()
   at System.Web.Compilation.BaseTemplateBuildProvider.get_CodeCompilerType()
   at System.Web.Compilation.BuildProvider.GetCompilerTypeFromBuildProvider(BuildProvider buildProvider)
   at System.Web.Compilation.BuildProvidersCompiler.ProcessBuildProviders()
   at System.Web.Compilation.BuildProvidersCompiler.PerformBuild()
   at System.Web.Compilation.BuildManager.CompileWebFile(VirtualPath virtualPath)
   at System.Web.Compilation.BuildManager.GetVPathBuildResultInternal(VirtualPath virtualPath, Boolean noBuild, Boolean allowCrossApp, Boolean allowBuildInPrecompile, Boolean throwIfNotFound, Boolean ensureIsUpToDate)
   at System.Web.Compilation.BuildManager.GetVPathBuildResultWithNoAssert(HttpContext context, VirtualPath virtualPath, Boolean noBuild, Boolean allowCrossApp, Boolean allowBuildInPrecompile, Boolean throwIfNotFound, Boolean ensureIsUpToDate)
   at System.Web.UI.TemplateControl.LoadControl(VirtualPath virtualPath)
   at System.Web.UI.TemplateControl.LoadControl(String virtualPath)
   at yeuthietkeweb.Main.Page_Load(Object sender, EventArgs e) in E:\WWW\myphamhanquoc\myphamhanquoc.web\yeuthietkeweb.web\Pages\Main.aspx.cs:line 26
-----------------------------------------------
[Date 26/09/2015 10:15:51]
System.Web.HttpParseException (0x80004005): Could not load type 'yeuthietkeweb.UIs.News'. ---> System.Web.HttpParseException (0x80004005): Could not load type 'yeuthietkeweb.UIs.News'. ---> System.Web.HttpException (0x80004005): Could not load type 'yeuthietkeweb.UIs.News'.
   at System.Web.UI.TemplateParser.GetType(String typeName, Boolean ignoreCase, Boolean throwOnError)
   at System.Web.UI.TemplateParser.ProcessInheritsAttribute(String baseTypeName, String codeFileBaseTypeName, String src, Assembly assembly)
   at System.Web.UI.TemplateParser.PostProcessMainDirectiveAttributes(IDictionary parseData)
   at System.Web.UI.TemplateParser.ProcessException(Exception ex)
   at System.Web.UI.TemplateParser.ParseStringInternal(String text, Encoding fileEncoding)
   at System.Web.UI.TemplateParser.ParseString(String text, VirtualPath virtualPath, Encoding fileEncoding)
   at System.Web.UI.TemplateParser.ParseString(String text, VirtualPath virtualPath, Encoding fileEncoding)
   at System.Web.UI.TemplateParser.ParseFile(String physicalPath, VirtualPath virtualPath)
   at System.Web.UI.TemplateParser.ParseInternal()
   at System.Web.UI.TemplateParser.Parse()
   at System.Web.Compilation.BaseTemplateBuildProvider.get_CodeCompilerType()
   at System.Web.Compilation.BuildProvider.GetCompilerTypeFromBuildProvider(BuildProvider buildProvider)
   at System.Web.Compilation.BuildProvidersCompiler.ProcessBuildProviders()
   at System.Web.Compilation.BuildProvidersCompiler.PerformBuild()
   at System.Web.Compilation.BuildManager.CompileWebFile(VirtualPath virtualPath)
   at System.Web.Compilation.BuildManager.GetVPathBuildResultInternal(VirtualPath virtualPath, Boolean noBuild, Boolean allowCrossApp, Boolean allowBuildInPrecompile, Boolean throwIfNotFound, Boolean ensureIsUpToDate)
   at System.Web.Compilation.BuildManager.GetVPathBuildResultWithNoAssert(HttpContext context, VirtualPath virtualPath, Boolean noBuild, Boolean allowCrossApp, Boolean allowBuildInPrecompile, Boolean throwIfNotFound, Boolean ensureIsUpToDate)
   at System.Web.UI.TemplateControl.LoadControl(VirtualPath virtualPath)
   at System.Web.UI.TemplateControl.LoadControl(String virtualPath)
   at yeuthietkeweb.Main.Page_Load(Object sender, EventArgs e) in E:\WWW\myphamhanquoc\myphamhanquoc.web\yeuthietkeweb.web\Pages\Main.aspx.cs:line 26
-----------------------------------------------
[Date 26/09/2015 10:15:50]
System.Web.HttpParseException (0x80004005): Could not load type 'yeuthietkeweb.UIs.News'. ---> System.Web.HttpParseException (0x80004005): Could not load type 'yeuthietkeweb.UIs.News'. ---> System.Web.HttpException (0x80004005): Could not load type 'yeuthietkeweb.UIs.News'.
   at System.Web.UI.TemplateParser.GetType(String typeName, Boolean ignoreCase, Boolean throwOnError)
   at System.Web.UI.TemplateParser.ProcessInheritsAttribute(String baseTypeName, String codeFileBaseTypeName, String src, Assembly assembly)
   at System.Web.UI.TemplateParser.PostProcessMainDirectiveAttributes(IDictionary parseData)
   at System.Web.UI.TemplateParser.ProcessException(Exception ex)
   at System.Web.UI.TemplateParser.ParseStringInternal(String text, Encoding fileEncoding)
   at System.Web.UI.TemplateParser.ParseString(String text, VirtualPath virtualPath, Encoding fileEncoding)
   at System.Web.UI.TemplateParser.ParseString(String text, VirtualPath virtualPath, Encoding fileEncoding)
   at System.Web.UI.TemplateParser.ParseFile(String physicalPath, VirtualPath virtualPath)
   at System.Web.UI.TemplateParser.ParseInternal()
   at System.Web.UI.TemplateParser.Parse()
   at System.Web.Compilation.BaseTemplateBuildProvider.get_CodeCompilerType()
   at System.Web.Compilation.BuildProvider.GetCompilerTypeFromBuildProvider(BuildProvider buildProvider)
   at System.Web.Compilation.BuildProvidersCompiler.ProcessBuildProviders()
   at System.Web.Compilation.BuildProvidersCompiler.PerformBuild()
   at System.Web.Compilation.BuildManager.CompileWebFile(VirtualPath virtualPath)
   at System.Web.Compilation.BuildManager.GetVPathBuildResultInternal(VirtualPath virtualPath, Boolean noBuild, Boolean allowCrossApp, Boolean allowBuildInPrecompile, Boolean throwIfNotFound, Boolean ensureIsUpToDate)
   at System.Web.Compilation.BuildManager.GetVPathBuildResultWithNoAssert(HttpContext context, VirtualPath virtualPath, Boolean noBuild, Boolean allowCrossApp, Boolean allowBuildInPrecompile, Boolean throwIfNotFound, Boolean ensureIsUpToDate)
   at System.Web.UI.TemplateControl.LoadControl(VirtualPath virtualPath)
   at System.Web.UI.TemplateControl.LoadControl(String virtualPath)
   at yeuthietkeweb.Main.Page_Load(Object sender, EventArgs e) in E:\WWW\myphamhanquoc\myphamhanquoc.web\yeuthietkeweb.web\Pages\Main.aspx.cs:line 26
-----------------------------------------------
[Date 26/09/2015 10:15:49]
System.Web.HttpParseException (0x80004005): Could not load type 'yeuthietkeweb.UIs.News'. ---> System.Web.HttpParseException (0x80004005): Could not load type 'yeuthietkeweb.UIs.News'. ---> System.Web.HttpException (0x80004005): Could not load type 'yeuthietkeweb.UIs.News'.
   at System.Web.UI.TemplateParser.GetType(String typeName, Boolean ignoreCase, Boolean throwOnError)
   at System.Web.UI.TemplateParser.ProcessInheritsAttribute(String baseTypeName, String codeFileBaseTypeName, String src, Assembly assembly)
   at System.Web.UI.TemplateParser.PostProcessMainDirectiveAttributes(IDictionary parseData)
   at System.Web.UI.TemplateParser.ProcessException(Exception ex)
   at System.Web.UI.TemplateParser.ParseStringInternal(String text, Encoding fileEncoding)
   at System.Web.UI.TemplateParser.ParseString(String text, VirtualPath virtualPath, Encoding fileEncoding)
   at System.Web.UI.TemplateParser.ParseString(String text, VirtualPath virtualPath, Encoding fileEncoding)
   at System.Web.UI.TemplateParser.ParseFile(String physicalPath, VirtualPath virtualPath)
   at System.Web.UI.TemplateParser.ParseInternal()
   at System.Web.UI.TemplateParser.Parse()
   at System.Web.Compilation.BaseTemplateBuildProvider.get_CodeCompilerType()
   at System.Web.Compilation.BuildProvider.GetCompilerTypeFromBuildProvider(BuildProvider buildProvider)
   at System.Web.Compilation.BuildProvidersCompiler.ProcessBuildProviders()
   at System.Web.Compilation.BuildProvidersCompiler.PerformBuild()
   at System.Web.Compilation.BuildManager.CompileWebFile(VirtualPath virtualPath)
   at System.Web.Compilation.BuildManager.GetVPathBuildResultInternal(VirtualPath virtualPath, Boolean noBuild, Boolean allowCrossApp, Boolean allowBuildInPrecompile, Boolean throwIfNotFound, Boolean ensureIsUpToDate)
   at System.Web.Compilation.BuildManager.GetVPathBuildResultWithNoAssert(HttpContext context, VirtualPath virtualPath, Boolean noBuild, Boolean allowCrossApp, Boolean allowBuildInPrecompile, Boolean throwIfNotFound, Boolean ensureIsUpToDate)
   at System.Web.UI.TemplateControl.LoadControl(VirtualPath virtualPath)
   at System.Web.UI.TemplateControl.LoadControl(String virtualPath)
   at yeuthietkeweb.Main.Page_Load(Object sender, EventArgs e) in E:\WWW\myphamhanquoc\myphamhanquoc.web\yeuthietkeweb.web\Pages\Main.aspx.cs:line 26
-----------------------------------------------
[Date 26/09/2015 10:15:46]
System.Web.HttpParseException (0x80004005): Could not load type 'yeuthietkeweb.UIs.News'. ---> System.Web.HttpParseException (0x80004005): Could not load type 'yeuthietkeweb.UIs.News'. ---> System.Web.HttpException (0x80004005): Could not load type 'yeuthietkeweb.UIs.News'.
   at System.Web.UI.TemplateParser.GetType(String typeName, Boolean ignoreCase, Boolean throwOnError)
   at System.Web.UI.TemplateParser.ProcessInheritsAttribute(String baseTypeName, String codeFileBaseTypeName, String src, Assembly assembly)
   at System.Web.UI.TemplateParser.PostProcessMainDirectiveAttributes(IDictionary parseData)
   at System.Web.UI.TemplateParser.ProcessException(Exception ex)
   at System.Web.UI.TemplateParser.ParseStringInternal(String text, Encoding fileEncoding)
   at System.Web.UI.TemplateParser.ParseString(String text, VirtualPath virtualPath, Encoding fileEncoding)
   at System.Web.UI.TemplateParser.ParseString(String text, VirtualPath virtualPath, Encoding fileEncoding)
   at System.Web.UI.TemplateParser.ParseFile(String physicalPath, VirtualPath virtualPath)
   at System.Web.UI.TemplateParser.ParseInternal()
   at System.Web.UI.TemplateParser.Parse()
   at System.Web.Compilation.BaseTemplateBuildProvider.get_CodeCompilerType()
   at System.Web.Compilation.BuildProvider.GetCompilerTypeFromBuildProvider(BuildProvider buildProvider)
   at System.Web.Compilation.BuildProvidersCompiler.ProcessBuildProviders()
   at System.Web.Compilation.BuildProvidersCompiler.PerformBuild()
   at System.Web.Compilation.BuildManager.CompileWebFile(VirtualPath virtualPath)
   at System.Web.Compilation.BuildManager.GetVPathBuildResultInternal(VirtualPath virtualPath, Boolean noBuild, Boolean allowCrossApp, Boolean allowBuildInPrecompile, Boolean throwIfNotFound, Boolean ensureIsUpToDate)
   at System.Web.Compilation.BuildManager.GetVPathBuildResultWithNoAssert(HttpContext context, VirtualPath virtualPath, Boolean noBuild, Boolean allowCrossApp, Boolean allowBuildInPrecompile, Boolean throwIfNotFound, Boolean ensureIsUpToDate)
   at System.Web.UI.TemplateControl.LoadControl(VirtualPath virtualPath)
   at System.Web.UI.TemplateControl.LoadControl(String virtualPath)
   at yeuthietkeweb.Main.Page_Load(Object sender, EventArgs e) in E:\WWW\myphamhanquoc\myphamhanquoc.web\yeuthietkeweb.web\Pages\Main.aspx.cs:line 26
-----------------------------------------------
[Date 26/09/2015 10:15:43]
System.Web.HttpParseException (0x80004005): Could not load type 'yeuthietkeweb.UIs.News'. ---> System.Web.HttpParseException (0x80004005): Could not load type 'yeuthietkeweb.UIs.News'. ---> System.Web.HttpException (0x80004005): Could not load type 'yeuthietkeweb.UIs.News'.
   at System.Web.UI.TemplateParser.GetType(String typeName, Boolean ignoreCase, Boolean throwOnError)
   at System.Web.UI.TemplateParser.ProcessInheritsAttribute(String baseTypeName, String codeFileBaseTypeName, String src, Assembly assembly)
   at System.Web.UI.TemplateParser.PostProcessMainDirectiveAttributes(IDictionary parseData)
   at System.Web.UI.TemplateParser.ProcessException(Exception ex)
   at System.Web.UI.TemplateParser.ParseStringInternal(String text, Encoding fileEncoding)
   at System.Web.UI.TemplateParser.ParseString(String text, VirtualPath virtualPath, Encoding fileEncoding)
   at System.Web.UI.TemplateParser.ParseString(String text, VirtualPath virtualPath, Encoding fileEncoding)
   at System.Web.UI.TemplateParser.ParseFile(String physicalPath, VirtualPath virtualPath)
   at System.Web.UI.TemplateParser.ParseInternal()
   at System.Web.UI.TemplateParser.Parse()
   at System.Web.Compilation.BaseTemplateBuildProvider.get_CodeCompilerType()
   at System.Web.Compilation.BuildProvider.GetCompilerTypeFromBuildProvider(BuildProvider buildProvider)
   at System.Web.Compilation.BuildProvidersCompiler.ProcessBuildProviders()
   at System.Web.Compilation.BuildProvidersCompiler.PerformBuild()
   at System.Web.Compilation.BuildManager.CompileWebFile(VirtualPath virtualPath)
   at System.Web.Compilation.BuildManager.GetVPathBuildResultInternal(VirtualPath virtualPath, Boolean noBuild, Boolean allowCrossApp, Boolean allowBuildInPrecompile, Boolean throwIfNotFound, Boolean ensureIsUpToDate)
   at System.Web.Compilation.BuildManager.GetVPathBuildResultWithNoAssert(HttpContext context, VirtualPath virtualPath, Boolean noBuild, Boolean allowCrossApp, Boolean allowBuildInPrecompile, Boolean throwIfNotFound, Boolean ensureIsUpToDate)
   at System.Web.UI.TemplateControl.LoadControl(VirtualPath virtualPath)
   at System.Web.UI.TemplateControl.LoadControl(String virtualPath)
   at yeuthietkeweb.Main.Page_Load(Object sender, EventArgs e) in E:\WWW\myphamhanquoc\myphamhanquoc.web\yeuthietkeweb.web\Pages\Main.aspx.cs:line 26
-----------------------------------------------
[Date 26/09/2015 10:15:39]
System.Web.HttpParseException (0x80004005): Could not load type 'yeuthietkeweb.UIs.News'. ---> System.Web.HttpParseException (0x80004005): Could not load type 'yeuthietkeweb.UIs.News'. ---> System.Web.HttpException (0x80004005): Could not load type 'yeuthietkeweb.UIs.News'.
   at System.Web.UI.TemplateParser.GetType(String typeName, Boolean ignoreCase, Boolean throwOnError)
   at System.Web.UI.TemplateParser.ProcessInheritsAttribute(String baseTypeName, String codeFileBaseTypeName, String src, Assembly assembly)
   at System.Web.UI.TemplateParser.PostProcessMainDirectiveAttributes(IDictionary parseData)
   at System.Web.UI.TemplateParser.ProcessException(Exception ex)
   at System.Web.UI.TemplateParser.ParseStringInternal(String text, Encoding fileEncoding)
   at System.Web.UI.TemplateParser.ParseString(String text, VirtualPath virtualPath, Encoding fileEncoding)
   at System.Web.UI.TemplateParser.ParseString(String text, VirtualPath virtualPath, Encoding fileEncoding)
   at System.Web.UI.TemplateParser.ParseFile(String physicalPath, VirtualPath virtualPath)
   at System.Web.UI.TemplateParser.ParseInternal()
   at System.Web.UI.TemplateParser.Parse()
   at System.Web.Compilation.BaseTemplateBuildProvider.get_CodeCompilerType()
   at System.Web.Compilation.BuildProvider.GetCompilerTypeFromBuildProvider(BuildProvider buildProvider)
   at System.Web.Compilation.BuildProvidersCompiler.ProcessBuildProviders()
   at System.Web.Compilation.BuildProvidersCompiler.PerformBuild()
   at System.Web.Compilation.BuildManager.CompileWebFile(VirtualPath virtualPath)
   at System.Web.Compilation.BuildManager.GetVPathBuildResultInternal(VirtualPath virtualPath, Boolean noBuild, Boolean allowCrossApp, Boolean allowBuildInPrecompile, Boolean throwIfNotFound, Boolean ensureIsUpToDate)
   at System.Web.Compilation.BuildManager.GetVPathBuildResultWithNoAssert(HttpContext context, VirtualPath virtualPath, Boolean noBuild, Boolean allowCrossApp, Boolean allowBuildInPrecompile, Boolean throwIfNotFound, Boolean ensureIsUpToDate)
   at System.Web.UI.TemplateControl.LoadControl(VirtualPath virtualPath)
   at System.Web.UI.TemplateControl.LoadControl(String virtualPath)
   at yeuthietkeweb.Main.Page_Load(Object sender, EventArgs e) in E:\WWW\myphamhanquoc\myphamhanquoc.web\yeuthietkeweb.web\Pages\Main.aspx.cs:line 26
-----------------------------------------------
[Date 26/09/2015 10:15:36]
System.Web.HttpParseException (0x80004005): Could not load type 'yeuthietkeweb.UIs.News'. ---> System.Web.HttpParseException (0x80004005): Could not load type 'yeuthietkeweb.UIs.News'. ---> System.Web.HttpException (0x80004005): Could not load type 'yeuthietkeweb.UIs.News'.
   at System.Web.UI.TemplateParser.GetType(String typeName, Boolean ignoreCase, Boolean throwOnError)
   at System.Web.UI.TemplateParser.ProcessInheritsAttribute(String baseTypeName, String codeFileBaseTypeName, String src, Assembly assembly)
   at System.Web.UI.TemplateParser.PostProcessMainDirectiveAttributes(IDictionary parseData)
   at System.Web.UI.TemplateParser.ProcessException(Exception ex)
   at System.Web.UI.TemplateParser.ParseStringInternal(String text, Encoding fileEncoding)
   at System.Web.UI.TemplateParser.ParseString(String text, VirtualPath virtualPath, Encoding fileEncoding)
   at System.Web.UI.TemplateParser.ParseString(String text, VirtualPath virtualPath, Encoding fileEncoding)
   at System.Web.UI.TemplateParser.ParseFile(String physicalPath, VirtualPath virtualPath)
   at System.Web.UI.TemplateParser.ParseInternal()
   at System.Web.UI.TemplateParser.Parse()
   at System.Web.Compilation.BaseTemplateBuildProvider.get_CodeCompilerType()
   at System.Web.Compilation.BuildProvider.GetCompilerTypeFromBuildProvider(BuildProvider buildProvider)
   at System.Web.Compilation.BuildProvidersCompiler.ProcessBuildProviders()
   at System.Web.Compilation.BuildProvidersCompiler.PerformBuild()
   at System.Web.Compilation.BuildManager.CompileWebFile(VirtualPath virtualPath)
   at System.Web.Compilation.BuildManager.GetVPathBuildResultInternal(VirtualPath virtualPath, Boolean noBuild, Boolean allowCrossApp, Boolean allowBuildInPrecompile, Boolean throwIfNotFound, Boolean ensureIsUpToDate)
   at System.Web.Compilation.BuildManager.GetVPathBuildResultWithNoAssert(HttpContext context, VirtualPath virtualPath, Boolean noBuild, Boolean allowCrossApp, Boolean allowBuildInPrecompile, Boolean throwIfNotFound, Boolean ensureIsUpToDate)
   at System.Web.UI.TemplateControl.LoadControl(VirtualPath virtualPath)
   at System.Web.UI.TemplateControl.LoadControl(String virtualPath)
   at yeuthietkeweb.Main.Page_Load(Object sender, EventArgs e) in E:\WWW\myphamhanquoc\myphamhanquoc.web\yeuthietkeweb.web\Pages\Main.aspx.cs:line 26
-----------------------------------------------
[Date 26/09/2015 10:14:36]
System.Web.HttpParseException (0x80004005): Could not load type 'yeuthietkeweb.UIs.News'. ---> System.Web.HttpParseException (0x80004005): Could not load type 'yeuthietkeweb.UIs.News'. ---> System.Web.HttpException (0x80004005): Could not load type 'yeuthietkeweb.UIs.News'.
   at System.Web.UI.TemplateParser.GetType(String typeName, Boolean ignoreCase, Boolean throwOnError)
   at System.Web.UI.TemplateParser.ProcessInheritsAttribute(String baseTypeName, String codeFileBaseTypeName, String src, Assembly assembly)
   at System.Web.UI.TemplateParser.PostProcessMainDirectiveAttributes(IDictionary parseData)
   at System.Web.UI.TemplateParser.ProcessException(Exception ex)
   at System.Web.UI.TemplateParser.ParseStringInternal(String text, Encoding fileEncoding)
   at System.Web.UI.TemplateParser.ParseString(String text, VirtualPath virtualPath, Encoding fileEncoding)
   at System.Web.UI.TemplateParser.ParseString(String text, VirtualPath virtualPath, Encoding fileEncoding)
   at System.Web.UI.TemplateParser.ParseFile(String physicalPath, VirtualPath virtualPath)
   at System.Web.UI.TemplateParser.ParseInternal()
   at System.Web.UI.TemplateParser.Parse()
   at System.Web.Compilation.BaseTemplateBuildProvider.get_CodeCompilerType()
   at System.Web.Compilation.BuildProvider.GetCompilerTypeFromBuildProvider(BuildProvider buildProvider)
   at System.Web.Compilation.BuildProvidersCompiler.ProcessBuildProviders()
   at System.Web.Compilation.BuildProvidersCompiler.PerformBuild()
   at System.Web.Compilation.BuildManager.CompileWebFile(VirtualPath virtualPath)
   at System.Web.Compilation.BuildManager.GetVPathBuildResultInternal(VirtualPath virtualPath, Boolean noBuild, Boolean allowCrossApp, Boolean allowBuildInPrecompile, Boolean throwIfNotFound, Boolean ensureIsUpToDate)
   at System.Web.Compilation.BuildManager.GetVPathBuildResultWithNoAssert(HttpContext context, VirtualPath virtualPath, Boolean noBuild, Boolean allowCrossApp, Boolean allowBuildInPrecompile, Boolean throwIfNotFound, Boolean ensureIsUpToDate)
   at System.Web.UI.TemplateControl.LoadControl(VirtualPath virtualPath)
   at System.Web.UI.TemplateControl.LoadControl(String virtualPath)
   at yeuthietkeweb.Main.Page_Load(Object sender, EventArgs e) in E:\WWW\myphamhanquoc\myphamhanquoc.web\yeuthietkeweb.web\Pages\Main.aspx.cs:line 26
-----------------------------------------------
[Date 26/09/2015 10:14:35]
System.Web.HttpParseException (0x80004005): Could not load type 'yeuthietkeweb.UIs.News'. ---> System.Web.HttpParseException (0x80004005): Could not load type 'yeuthietkeweb.UIs.News'. ---> System.Web.HttpException (0x80004005): Could not load type 'yeuthietkeweb.UIs.News'.
   at System.Web.UI.TemplateParser.GetType(String typeName, Boolean ignoreCase, Boolean throwOnError)
   at System.Web.UI.TemplateParser.ProcessInheritsAttribute(String baseTypeName, String codeFileBaseTypeName, String src, Assembly assembly)
   at System.Web.UI.TemplateParser.PostProcessMainDirectiveAttributes(IDictionary parseData)
   at System.Web.UI.TemplateParser.ProcessException(Exception ex)
   at System.Web.UI.TemplateParser.ParseStringInternal(String text, Encoding fileEncoding)
   at System.Web.UI.TemplateParser.ParseString(String text, VirtualPath virtualPath, Encoding fileEncoding)
   at System.Web.UI.TemplateParser.ParseString(String text, VirtualPath virtualPath, Encoding fileEncoding)
   at System.Web.UI.TemplateParser.ParseFile(String physicalPath, VirtualPath virtualPath)
   at System.Web.UI.TemplateParser.ParseInternal()
   at System.Web.UI.TemplateParser.Parse()
   at System.Web.Compilation.BaseTemplateBuildProvider.get_CodeCompilerType()
   at System.Web.Compilation.BuildProvider.GetCompilerTypeFromBuildProvider(BuildProvider buildProvider)
   at System.Web.Compilation.BuildProvidersCompiler.ProcessBuildProviders()
   at System.Web.Compilation.BuildProvidersCompiler.PerformBuild()
   at System.Web.Compilation.BuildManager.CompileWebFile(VirtualPath virtualPath)
   at System.Web.Compilation.BuildManager.GetVPathBuildResultInternal(VirtualPath virtualPath, Boolean noBuild, Boolean allowCrossApp, Boolean allowBuildInPrecompile, Boolean throwIfNotFound, Boolean ensureIsUpToDate)
   at System.Web.Compilation.BuildManager.GetVPathBuildResultWithNoAssert(HttpContext context, VirtualPath virtualPath, Boolean noBuild, Boolean allowCrossApp, Boolean allowBuildInPrecompile, Boolean throwIfNotFound, Boolean ensureIsUpToDate)
   at System.Web.UI.TemplateControl.LoadControl(VirtualPath virtualPath)
   at System.Web.UI.TemplateControl.LoadControl(String virtualPath)
   at yeuthietkeweb.Main.Page_Load(Object sender, EventArgs e) in E:\WWW\myphamhanquoc\myphamhanquoc.web\yeuthietkeweb.web\Pages\Main.aspx.cs:line 26
-----------------------------------------------
[Date 24/09/2015 10:39:08]
System.Data.SqlClient.SqlException (0x80131904): Cannot open database "dbShop" requested by the login. The login failed.
Login failed for user 'sa'.
   at System.Data.SqlClient.SqlInternalConnection.OnError(SqlException exception, Boolean breakConnection, Action`1 wrapCloseInAction)
   at System.Data.SqlClient.TdsParser.ThrowExceptionAndWarning(TdsParserStateObject stateObj, Boolean callerHasConnectionLock, Boolean asyncClose)
   at System.Data.SqlClient.TdsParser.TryRun(RunBehavior runBehavior, SqlCommand cmdHandler, SqlDataReader dataStream, BulkCopySimpleResultSet bulkCopyHandler, TdsParserStateObject stateObj, Boolean& dataReady)
   at System.Data.SqlClient.TdsParser.Run(RunBehavior runBehavior, SqlCommand cmdHandler, SqlDataReader dataStream, BulkCopySimpleResultSet bulkCopyHandler, TdsParserStateObject stateObj)
   at System.Data.SqlClient.SqlInternalConnectionTds.CompleteLogin(Boolean enlistOK)
   at System.Data.SqlClient.SqlInternalConnectionTds.AttemptOneLogin(ServerInfo serverInfo, String newPassword, SecureString newSecurePassword, Boolean ignoreSniOpenTimeout, TimeoutTimer timeout, Boolean withFailover)
   at System.Data.SqlClient.SqlInternalConnectionTds.LoginNoFailover(ServerInfo serverInfo, String newPassword, SecureString newSecurePassword, Boolean redirectedUserInstance, SqlConnectionString connectionOptions, SqlCredential credential, TimeoutTimer timeout)
   at System.Data.SqlClient.SqlInternalConnectionTds.OpenLoginEnlist(TimeoutTimer timeout, SqlConnectionString connectionOptions, SqlCredential credential, String newPassword, SecureString newSecurePassword, Boolean redirectedUserInstance)
   at System.Data.SqlClient.SqlInternalConnectionTds..ctor(DbConnectionPoolIdentity identity, SqlConnectionString connectionOptions, SqlCredential credential, Object providerInfo, String newPassword, SecureString newSecurePassword, Boolean redirectedUserInstance, SqlConnectionString userConnectionOptions, SessionData reconnectSessionData, DbConnectionPool pool, String accessToken)
   at System.Data.SqlClient.SqlConnectionFactory.CreateConnection(DbConnectionOptions options, DbConnectionPoolKey poolKey, Object poolGroupProviderInfo, DbConnectionPool pool, DbConnection owningConnection, DbConnectionOptions userOptions)
   at System.Data.ProviderBase.DbConnectionFactory.CreatePooledConnection(DbConnectionPool pool, DbConnection owningObject, DbConnectionOptions options, DbConnectionPoolKey poolKey, DbConnectionOptions userOptions)
   at System.Data.ProviderBase.DbConnectionPool.CreateObject(DbConnection owningObject, DbConnectionOptions userOptions, DbConnectionInternal oldConnection)
   at System.Data.ProviderBase.DbConnectionPool.UserCreateRequest(DbConnection owningObject, DbConnectionOptions userOptions, DbConnectionInternal oldConnection)
   at System.Data.ProviderBase.DbConnectionPool.TryGetConnection(DbConnection owningObject, UInt32 waitForMultipleObjectsTimeout, Boolean allowCreate, Boolean onlyOneCheckConnection, DbConnectionOptions userOptions, DbConnectionInternal& connection)
   at System.Data.ProviderBase.DbConnectionPool.TryGetConnection(DbConnection owningObject, TaskCompletionSource`1 retry, DbConnectionOptions userOptions, DbConnectionInternal& connection)
   at System.Data.ProviderBase.DbConnectionFactory.TryGetConnection(DbConnection owningConnection, TaskCompletionSource`1 retry, DbConnectionOptions userOptions, DbConnectionInternal oldConnection, DbConnectionInternal& connection)
   at System.Data.ProviderBase.DbConnectionInternal.TryOpenConnectionInternal(DbConnection outerConnection, DbConnectionFactory connectionFactory, TaskCompletionSource`1 retry, DbConnectionOptions userOptions)
   at System.Data.ProviderBase.DbConnectionClosed.TryOpenConnection(DbConnection outerConnection, DbConnectionFactory connectionFactory, TaskCompletionSource`1 retry, DbConnectionOptions userOptions)
   at System.Data.SqlClient.SqlConnection.TryOpenInner(TaskCompletionSource`1 retry)
   at System.Data.SqlClient.SqlConnection.TryOpen(TaskCompletionSource`1 retry)
   at System.Data.SqlClient.SqlConnection.Open()
   at System.Data.Linq.SqlClient.SqlConnectionManager.UseConnection(IConnectionUser user)
   at System.Data.Linq.SqlClient.SqlProvider.get_IsSqlCe()
   at System.Data.Linq.SqlClient.SqlProvider.InitializeProviderMode()
   at System.Data.Linq.SqlClient.SqlProvider.System.Data.Linq.Provider.IProvider.Execute(Expression query)
   at System.Data.Linq.Table`1.GetEnumerator()
   at System.Data.Linq.Table`1.System.Collections.Generic.IEnumerable<TEntity>.GetEnumerator()
   at System.Collections.Generic.List`1..ctor(IEnumerable`1 collection)
   at System.Linq.Enumerable.ToList[TSource](IEnumerable`1 source)
   at Controller.Config.Addvister() in E:\WWW\yeuthietkeweb.cms_v1.0\yeuthietkeweb.web\Controller\Config.cs:line 83
   at yeuthietkeweb.Global.Session_Start(Object sender, EventArgs e) in E:\WWW\myphamhanquoc\myphamhanquoc.web\yeuthietkeweb.web\Global.asax.cs:line 40
ClientConnectionId:7975d52d-58fa-43c0-87c5-2f8e847fcc7e
Error Number:4060,State:1,Class:11
-----------------------------------------------
[Date 20/09/2015 09:19:11]
System.Net.Mail.SmtpFailedRecipientException: Mailbox unavailable. The server response was: <htphongqn@gmail.com>, Recipient unknown
   at System.Net.Mail.SmtpTransport.SendMail(MailAddress sender, MailAddressCollection recipients, String deliveryNotify, Boolean allowUnicode, SmtpFailedRecipientException& exception)
   at System.Net.Mail.SmtpClient.Send(MailMessage message)
   at GiaNguyen.UIs.Toolbar.SendEmailSMTP(String strSubject, String toAddress, String ccAddress, String bccAddress, String body, Boolean isHtml, Boolean isSSL) in E:\WWW\dichvuviettel.com.vn\dichvuviettel.com.vn\GiaNguyen\UIs\Toolbar.ascx.cs:line 97
-----------------------------------------------
[Date 20/09/2015 01:20:43]
System.Net.Mail.SmtpFailedRecipientException: Mailbox unavailable. The server response was: <htphongqn@gmail.com>, Recipient unknown
   at System.Net.Mail.SmtpTransport.SendMail(MailAddress sender, MailAddressCollection recipients, String deliveryNotify, Boolean allowUnicode, SmtpFailedRecipientException& exception)
   at System.Net.Mail.SmtpClient.Send(MailMessage message)
   at GiaNguyen.UIs.Toolbar.SendEmailSMTP(String strSubject, String toAddress, String ccAddress, String bccAddress, String body, Boolean isHtml, Boolean isSSL) in E:\WWW\dichvuviettel.com.vn\dichvuviettel.com.vn\GiaNguyen\UIs\Toolbar.ascx.cs:line 97
-----------------------------------------------
[Date 20/09/2015 01:19:00]
System.Net.Mail.SmtpFailedRecipientException: Mailbox unavailable. The server response was: <htphongqn@gmail.com>, Recipient unknown
   at System.Net.Mail.SmtpTransport.SendMail(MailAddress sender, MailAddressCollection recipients, String deliveryNotify, Boolean allowUnicode, SmtpFailedRecipientException& exception)
   at System.Net.Mail.SmtpClient.Send(MailMessage message)
   at GiaNguyen.UIs.Toolbar.SendEmailSMTP(String strSubject, String toAddress, String ccAddress, String bccAddress, String body, Boolean isHtml, Boolean isSSL) in E:\WWW\dichvuviettel.com.vn\dichvuviettel.com.vn\GiaNguyen\UIs\Toolbar.ascx.cs:line 97
-----------------------------------------------
[Date 20/09/2015 01:17:20]
System.Net.Mail.SmtpFailedRecipientException: Mailbox unavailable. The server response was: <htphongqn@live.com>, Recipient unknown
   at System.Net.Mail.SmtpTransport.SendMail(MailAddress sender, MailAddressCollection recipients, String deliveryNotify, Boolean allowUnicode, SmtpFailedRecipientException& exception)
   at System.Net.Mail.SmtpClient.Send(MailMessage message)
   at GiaNguyen.UIs.Toolbar.SendEmailSMTP(String strSubject, String toAddress, String ccAddress, String bccAddress, String body, Boolean isHtml, Boolean isSSL) in E:\WWW\dichvuviettel.com.vn\dichvuviettel.com.vn\GiaNguyen\UIs\Toolbar.ascx.cs:line 97
-----------------------------------------------
[Date 20/09/2015 01:13:45]
System.Net.Mail.SmtpFailedRecipientException: Mailbox unavailable. The server response was: <htphongqn@live.com>, Recipient unknown
   at System.Net.Mail.SmtpTransport.SendMail(MailAddress sender, MailAddressCollection recipients, String deliveryNotify, Boolean allowUnicode, SmtpFailedRecipientException& exception)
   at System.Net.Mail.SmtpClient.Send(MailMessage message)
   at GiaNguyen.UIs.Toolbar.SendEmailSMTP(String strSubject, String toAddress, String ccAddress, String bccAddress, String body, Boolean isHtml, Boolean isSSL) in E:\WWW\dichvuviettel.com.vn\dichvuviettel.com.vn\GiaNguyen\UIs\Toolbar.ascx.cs:line 97
-----------------------------------------------
[Date 20/09/2015 01:07:26]
System.Net.Mail.SmtpFailedRecipientException: Mailbox unavailable. The server response was: <htphongqn@gmail.com>, Recipient unknown
   at System.Net.Mail.SmtpTransport.SendMail(MailAddress sender, MailAddressCollection recipients, String deliveryNotify, Boolean allowUnicode, SmtpFailedRecipientException& exception)
   at System.Net.Mail.SmtpClient.Send(MailMessage message)
   at GiaNguyen.UIs.Toolbar.SendEmailSMTP(String strSubject, String toAddress, String ccAddress, String bccAddress, String body, Boolean isHtml, Boolean isSSL) in E:\WWW\dichvuviettel.com.vn\dichvuviettel.com.vn\GiaNguyen\UIs\Toolbar.ascx.cs:line 97
-----------------------------------------------
[Date 17/09/2015 11:50:42]
System.Web.HttpException (0x80004005): DataBinding: 'Model.ESHOP_CATEGORy' does not contain a property with the name 'NEWS_URL'.
   at System.Web.UI.DataBinder.GetPropertyValue(Object container, String propName)
   at System.Web.UI.DataBinder.Eval(Object container, String[] expressionParts)
   at System.Web.UI.DataBinder.Eval(Object container, String expression)
   at System.Web.UI.TemplateControl.Eval(String expression)
   at ASP.uis_main_ascx.__DataBind__control7(Object sender, EventArgs e) in e:\WWW\dichvuviettel.com.vn\dichvuviettel.com.vn\GiaNguyen\UIs\main.ascx:line 19
   at System.Web.UI.Control.OnDataBinding(EventArgs e)
   at System.Web.UI.Control.DataBind(Boolean raiseOnDataBinding)
   at System.Web.UI.Control.DataBind()
   at System.Web.UI.Control.DataBindChildren()
   at System.Web.UI.Control.DataBind(Boolean raiseOnDataBinding)
   at System.Web.UI.Control.DataBind()
   at System.Web.UI.WebControls.Repeater.CreateItem(Int32 itemIndex, ListItemType itemType, Boolean dataBind, Object dataItem)
   at System.Web.UI.WebControls.Repeater.AddDataItemsIntoItemsArray(IEnumerable dataSource, Boolean useDataSource)
   at System.Web.UI.WebControls.Repeater.PostGetDataAction(IEnumerable dataSource)
   at System.Web.UI.WebControls.Repeater.CreateControlHierarchy(Boolean useDataSource)
   at System.Web.UI.WebControls.Repeater.OnDataBinding(EventArgs e)
   at System.Web.UI.WebControls.Repeater.DataBind()
   at THVDev.UIs.main.Load_Tinnoibat() in E:\WWW\dichvuviettel.com.vn\dichvuviettel.com.vn\GiaNguyen\UIs\main.ascx.cs:line 60
-----------------------------------------------
[Date 17/09/2015 11:50:42]
System.Web.HttpException (0x80004005): DataBinding: 'Model.ESHOP_CATEGORy' does not contain a property with the name 'NEWS_TITLE'.
   at System.Web.UI.DataBinder.GetPropertyValue(Object container, String propName)
   at System.Web.UI.DataBinder.Eval(Object container, String[] expressionParts)
   at System.Web.UI.DataBinder.Eval(Object container, String expression)
   at System.Web.UI.TemplateControl.Eval(String expression)
   at ASP.uis_main_ascx.__DataBind__control4(Object sender, EventArgs e) in e:\WWW\dichvuviettel.com.vn\dichvuviettel.com.vn\GiaNguyen\UIs\main.ascx:line 8
   at System.Web.UI.Control.OnDataBinding(EventArgs e)
   at System.Web.UI.Control.DataBind(Boolean raiseOnDataBinding)
   at System.Web.UI.Control.DataBind()
   at System.Web.UI.Control.DataBindChildren()
   at System.Web.UI.Control.DataBind(Boolean raiseOnDataBinding)
   at System.Web.UI.Control.DataBind()
   at System.Web.UI.WebControls.Repeater.CreateItem(Int32 itemIndex, ListItemType itemType, Boolean dataBind, Object dataItem)
   at System.Web.UI.WebControls.Repeater.AddDataItemsIntoItemsArray(IEnumerable dataSource, Boolean useDataSource)
   at System.Web.UI.WebControls.Repeater.PostGetDataAction(IEnumerable dataSource)
   at System.Web.UI.WebControls.Repeater.CreateControlHierarchy(Boolean useDataSource)
   at System.Web.UI.WebControls.Repeater.OnDataBinding(EventArgs e)
   at System.Web.UI.WebControls.Repeater.DataBind()
   at THVDev.UIs.main.Load_Khuyenmai() in E:\WWW\dichvuviettel.com.vn\dichvuviettel.com.vn\GiaNguyen\UIs\main.ascx.cs:line 32
-----------------------------------------------
[Date 17/09/2015 11:49:04]
System.Web.HttpException (0x80004005): DataBinding: 'Model.ESHOP_CATEGORy' does not contain a property with the name 'NEWS_URL'.
   at System.Web.UI.DataBinder.GetPropertyValue(Object container, String propName)
   at System.Web.UI.DataBinder.Eval(Object container, String[] expressionParts)
   at System.Web.UI.DataBinder.Eval(Object container, String expression)
   at System.Web.UI.TemplateControl.Eval(String expression)
   at ASP.uis_main_ascx.__DataBind__control7(Object sender, EventArgs e) in e:\WWW\dichvuviettel.com.vn\dichvuviettel.com.vn\GiaNguyen\UIs\main.ascx:line 19
   at System.Web.UI.Control.OnDataBinding(EventArgs e)
   at System.Web.UI.Control.DataBind(Boolean raiseOnDataBinding)
   at System.Web.UI.Control.DataBind()
   at System.Web.UI.Control.DataBindChildren()
   at System.Web.UI.Control.DataBind(Boolean raiseOnDataBinding)
   at System.Web.UI.Control.DataBind()
   at System.Web.UI.WebControls.Repeater.CreateItem(Int32 itemIndex, ListItemType itemType, Boolean dataBind, Object dataItem)
   at System.Web.UI.WebControls.Repeater.AddDataItemsIntoItemsArray(IEnumerable dataSource, Boolean useDataSource)
   at System.Web.UI.WebControls.Repeater.PostGetDataAction(IEnumerable dataSource)
   at System.Web.UI.WebControls.Repeater.CreateControlHierarchy(Boolean useDataSource)
   at System.Web.UI.WebControls.Repeater.OnDataBinding(EventArgs e)
   at System.Web.UI.WebControls.Repeater.DataBind()
   at THVDev.UIs.main.Load_Tinnoibat() in E:\WWW\dichvuviettel.com.vn\dichvuviettel.com.vn\GiaNguyen\UIs\main.ascx.cs:line 60
-----------------------------------------------
[Date 17/09/2015 11:49:04]
System.Web.HttpException (0x80004005): DataBinding: 'Model.ESHOP_CATEGORy' does not contain a property with the name 'NEWS_TITLE'.
   at System.Web.UI.DataBinder.GetPropertyValue(Object container, String propName)
   at System.Web.UI.DataBinder.Eval(Object container, String[] expressionParts)
   at System.Web.UI.DataBinder.Eval(Object container, String expression)
   at System.Web.UI.TemplateControl.Eval(String expression)
   at ASP.uis_main_ascx.__DataBind__control4(Object sender, EventArgs e) in e:\WWW\dichvuviettel.com.vn\dichvuviettel.com.vn\GiaNguyen\UIs\main.ascx:line 8
   at System.Web.UI.Control.OnDataBinding(EventArgs e)
   at System.Web.UI.Control.DataBind(Boolean raiseOnDataBinding)
   at System.Web.UI.Control.DataBind()
   at System.Web.UI.Control.DataBindChildren()
   at System.Web.UI.Control.DataBind(Boolean raiseOnDataBinding)
   at System.Web.UI.Control.DataBind()
   at System.Web.UI.WebControls.Repeater.CreateItem(Int32 itemIndex, ListItemType itemType, Boolean dataBind, Object dataItem)
   at System.Web.UI.WebControls.Repeater.AddDataItemsIntoItemsArray(IEnumerable dataSource, Boolean useDataSource)
   at System.Web.UI.WebControls.Repeater.PostGetDataAction(IEnumerable dataSource)
   at System.Web.UI.WebControls.Repeater.CreateControlHierarchy(Boolean useDataSource)
   at System.Web.UI.WebControls.Repeater.OnDataBinding(EventArgs e)
   at System.Web.UI.WebControls.Repeater.DataBind()
   at THVDev.UIs.main.Load_Khuyenmai() in E:\WWW\dichvuviettel.com.vn\dichvuviettel.com.vn\GiaNguyen\UIs\main.ascx.cs:line 32
-----------------------------------------------
[Date 17/09/2015 11:48:11]
System.Web.HttpException (0x80004005): DataBinding: 'Model.ESHOP_CATEGORy' does not contain a property with the name 'NEWS_URL'.
   at System.Web.UI.DataBinder.GetPropertyValue(Object container, String propName)
   at System.Web.UI.DataBinder.Eval(Object container, String[] expressionParts)
   at System.Web.UI.DataBinder.Eval(Object container, String expression)
   at System.Web.UI.TemplateControl.Eval(String expression)
   at ASP.uis_main_ascx.__DataBind__control7(Object sender, EventArgs e) in e:\WWW\dichvuviettel.com.vn\dichvuviettel.com.vn\GiaNguyen\UIs\main.ascx:line 19
   at System.Web.UI.Control.OnDataBinding(EventArgs e)
   at System.Web.UI.Control.DataBind(Boolean raiseOnDataBinding)
   at System.Web.UI.Control.DataBind()
   at System.Web.UI.Control.DataBindChildren()
   at System.Web.UI.Control.DataBind(Boolean raiseOnDataBinding)
   at System.Web.UI.Control.DataBind()
   at System.Web.UI.WebControls.Repeater.CreateItem(Int32 itemIndex, ListItemType itemType, Boolean dataBind, Object dataItem)
   at System.Web.UI.WebControls.Repeater.AddDataItemsIntoItemsArray(IEnumerable dataSource, Boolean useDataSource)
   at System.Web.UI.WebControls.Repeater.PostGetDataAction(IEnumerable dataSource)
   at System.Web.UI.WebControls.Repeater.CreateControlHierarchy(Boolean useDataSource)
   at System.Web.UI.WebControls.Repeater.OnDataBinding(EventArgs e)
   at System.Web.UI.WebControls.Repeater.DataBind()
   at THVDev.UIs.main.Load_Tinnoibat() in E:\WWW\dichvuviettel.com.vn\dichvuviettel.com.vn\GiaNguyen\UIs\main.ascx.cs:line 60
-----------------------------------------------
[Date 17/09/2015 11:48:11]
System.Web.HttpException (0x80004005): DataBinding: 'Model.ESHOP_CATEGORy' does not contain a property with the name 'NEWS_TITLE'.
   at System.Web.UI.DataBinder.GetPropertyValue(Object container, String propName)
   at System.Web.UI.DataBinder.Eval(Object container, String[] expressionParts)
   at System.Web.UI.DataBinder.Eval(Object container, String expression)
   at System.Web.UI.TemplateControl.Eval(String expression)
   at ASP.uis_main_ascx.__DataBind__control4(Object sender, EventArgs e) in e:\WWW\dichvuviettel.com.vn\dichvuviettel.com.vn\GiaNguyen\UIs\main.ascx:line 8
   at System.Web.UI.Control.OnDataBinding(EventArgs e)
   at System.Web.UI.Control.DataBind(Boolean raiseOnDataBinding)
   at System.Web.UI.Control.DataBind()
   at System.Web.UI.Control.DataBindChildren()
   at System.Web.UI.Control.DataBind(Boolean raiseOnDataBinding)
   at System.Web.UI.Control.DataBind()
   at System.Web.UI.WebControls.Repeater.CreateItem(Int32 itemIndex, ListItemType itemType, Boolean dataBind, Object dataItem)
   at System.Web.UI.WebControls.Repeater.AddDataItemsIntoItemsArray(IEnumerable dataSource, Boolean useDataSource)
   at System.Web.UI.WebControls.Repeater.PostGetDataAction(IEnumerable dataSource)
   at System.Web.UI.WebControls.Repeater.CreateControlHierarchy(Boolean useDataSource)
   at System.Web.UI.WebControls.Repeater.OnDataBinding(EventArgs e)
   at System.Web.UI.WebControls.Repeater.DataBind()
   at THVDev.UIs.main.Load_Khuyenmai() in E:\WWW\dichvuviettel.com.vn\dichvuviettel.com.vn\GiaNguyen\UIs\main.ascx.cs:line 32
-----------------------------------------------
[Date 17/09/2015 10:51:09]
System.Web.HttpParseException (0x80004005): Could not load type 'THVDev.UIs.SearchResult'. ---> System.Web.HttpParseException (0x80004005): Could not load type 'THVDev.UIs.SearchResult'. ---> System.Web.HttpException (0x80004005): Could not load type 'THVDev.UIs.SearchResult'.
   at System.Web.UI.TemplateParser.GetType(String typeName, Boolean ignoreCase, Boolean throwOnError)
   at System.Web.UI.TemplateParser.ProcessInheritsAttribute(String baseTypeName, String codeFileBaseTypeName, String src, Assembly assembly)
   at System.Web.UI.TemplateParser.PostProcessMainDirectiveAttributes(IDictionary parseData)
   at System.Web.UI.TemplateParser.ProcessException(Exception ex)
   at System.Web.UI.TemplateParser.ParseStringInternal(String text, Encoding fileEncoding)
   at System.Web.UI.TemplateParser.ParseString(String text, VirtualPath virtualPath, Encoding fileEncoding)
   at System.Web.UI.TemplateParser.ParseString(String text, VirtualPath virtualPath, Encoding fileEncoding)
   at System.Web.UI.TemplateParser.ParseFile(String physicalPath, VirtualPath virtualPath)
   at System.Web.UI.TemplateParser.ParseInternal()
   at System.Web.UI.TemplateParser.Parse()
   at System.Web.Compilation.BaseTemplateBuildProvider.get_CodeCompilerType()
   at System.Web.Compilation.BuildProvider.GetCompilerTypeFromBuildProvider(BuildProvider buildProvider)
   at System.Web.Compilation.BuildProvidersCompiler.ProcessBuildProviders()
   at System.Web.Compilation.BuildProvidersCompiler.PerformBuild()
   at System.Web.Compilation.BuildManager.CompileWebFile(VirtualPath virtualPath)
   at System.Web.Compilation.BuildManager.GetVPathBuildResultInternal(VirtualPath virtualPath, Boolean noBuild, Boolean allowCrossApp, Boolean allowBuildInPrecompile, Boolean throwIfNotFound, Boolean ensureIsUpToDate)
   at System.Web.Compilation.BuildManager.GetVPathBuildResultWithNoAssert(HttpContext context, VirtualPath virtualPath, Boolean noBuild, Boolean allowCrossApp, Boolean allowBuildInPrecompile, Boolean throwIfNotFound, Boolean ensureIsUpToDate)
   at System.Web.UI.TemplateControl.LoadControl(VirtualPath virtualPath)
   at System.Web.UI.TemplateControl.LoadControl(String virtualPath)
   at THVDev.Page_Default.Page_Load(Object sender, EventArgs e) in E:\WWW\dichvuviettel.com.vn\dichvuviettel.com.vn\GiaNguyen\vi-vn\Page_Default.aspx.cs:line 34
-----------------------------------------------
[Date 15/09/2015 12:37:54]
System.Web.HttpParseException (0x80004005): Could not load type 'THVDev.UIs.SearchResult'. ---> System.Web.HttpParseException (0x80004005): Could not load type 'THVDev.UIs.SearchResult'. ---> System.Web.HttpException (0x80004005): Could not load type 'THVDev.UIs.SearchResult'.
   at System.Web.UI.TemplateParser.GetType(String typeName, Boolean ignoreCase, Boolean throwOnError)
   at System.Web.UI.TemplateParser.ProcessInheritsAttribute(String baseTypeName, String codeFileBaseTypeName, String src, Assembly assembly)
   at System.Web.UI.TemplateParser.PostProcessMainDirectiveAttributes(IDictionary parseData)
   at System.Web.UI.TemplateParser.ProcessException(Exception ex)
   at System.Web.UI.TemplateParser.ParseStringInternal(String text, Encoding fileEncoding)
   at System.Web.UI.TemplateParser.ParseString(String text, VirtualPath virtualPath, Encoding fileEncoding)
   at System.Web.UI.TemplateParser.ParseString(String text, VirtualPath virtualPath, Encoding fileEncoding)
   at System.Web.UI.TemplateParser.ParseFile(String physicalPath, VirtualPath virtualPath)
   at System.Web.UI.TemplateParser.ParseInternal()
   at System.Web.UI.TemplateParser.Parse()
   at System.Web.Compilation.BaseTemplateBuildProvider.get_CodeCompilerType()
   at System.Web.Compilation.BuildProvider.GetCompilerTypeFromBuildProvider(BuildProvider buildProvider)
   at System.Web.Compilation.BuildProvidersCompiler.ProcessBuildProviders()
   at System.Web.Compilation.BuildProvidersCompiler.PerformBuild()
   at System.Web.Compilation.BuildManager.CompileWebFile(VirtualPath virtualPath)
   at System.Web.Compilation.BuildManager.GetVPathBuildResultInternal(VirtualPath virtualPath, Boolean noBuild, Boolean allowCrossApp, Boolean allowBuildInPrecompile, Boolean throwIfNotFound, Boolean ensureIsUpToDate)
   at System.Web.Compilation.BuildManager.GetVPathBuildResultWithNoAssert(HttpContext context, VirtualPath virtualPath, Boolean noBuild, Boolean allowCrossApp, Boolean allowBuildInPrecompile, Boolean throwIfNotFound, Boolean ensureIsUpToDate)
   at System.Web.UI.TemplateControl.LoadControl(VirtualPath virtualPath)
   at System.Web.UI.TemplateControl.LoadControl(String virtualPath)
   at THVDev.Page_Default.Page_Load(Object sender, EventArgs e) in E:\WWW\dichvuviettel.com.vn\dichvuviettel.com.vn\GiaNguyen\vi-vn\Page_Default.aspx.cs:line 34
-----------------------------------------------
